<?xml version="1.0" encoding="UTF-8"?>
<!-- Generated by org.testng.reporters.JUnitReportReporter -->
<testsuite hostname="SUCSekhar98" failures="0" tests="2" name="UmaSangada.Tests.ModifiedE2e" time="18.960" errors="0" timestamp="2024-09-29T10:31:40 IST" skipped="0">
  <testcase classname="UmaSangada.Tests.ModifiedE2e" name="submitorder" time="11.147"/>
  <testcase classname="UmaSangada.Tests.ModifiedE2e" name="submitorder" time="7.813"/>
</testsuite> <!-- UmaSangada.Tests.ModifiedE2e -->
