<?xml version="1.0" encoding="UTF-8"?>
<!-- Generated by org.testng.reporters.JUnitReportReporter -->
<testsuite hostname="SUCSekhar98" failures="0" tests="4" name="UmaSangada.Tests.ModifiedE2e" time="26.721" errors="0" timestamp="2024-08-10T19:47:59 IST" skipped="0">
  <testcase classname="UmaSangada.Tests.ModifiedE2e" name="submitorder" time="8.278"/>
  <testcase classname="UmaSangada.Tests.ModifiedE2e" name="submitorder" time="8.475"/>
  <testcase classname="UmaSangada.Tests.ModifiedE2e" name="orderhistory" time="5.513"/>
  <testcase classname="UmaSangada.Tests.ModifiedE2e" name="orderhistory" time="4.455"/>
</testsuite> <!-- UmaSangada.Tests.ModifiedE2e -->
